[debug] [2022-05-21T09:14:58.308Z] ----------------------------------------------------------------------
[debug] [2022-05-21T09:14:58.312Z] Command:       C:\Program Files\nodejs\node.exe C:\Users\Miami\AppData\Roaming\npm\node_modules\firebase-tools\lib\bin\firebase.js init
[debug] [2022-05-21T09:14:58.313Z] CLI Version:   10.7.1
[debug] [2022-05-21T09:14:58.313Z] Platform:      win32
[debug] [2022-05-21T09:14:58.313Z] Node Version:  v17.2.0
[debug] [2022-05-21T09:14:58.321Z] Time:          Sat May 21 2022 11:14:58 GMT+0200 (Mitteleuropäische Sommerzeit)
[debug] [2022-05-21T09:14:58.321Z] ----------------------------------------------------------------------
[debug] 
[debug] [2022-05-21T09:14:58.325Z] >>> [apiv2][query] GET https://firebase-public.firebaseio.com/cli.json [none]
[debug] [2022-05-21T09:14:58.472Z] > command requires scopes: ["email","openid","https://www.googleapis.com/auth/cloudplatformprojects.readonly","https://www.googleapis.com/auth/firebase","https://www.googleapis.com/auth/cloud-platform"]
[debug] [2022-05-21T09:14:58.473Z] > authorizing via signed-in user (alphangred57@gmail.com)
[info] 
     ######## #### ########  ######## ########     ###     ######  ########
     ##        ##  ##     ## ##       ##     ##  ##   ##  ##       ##
     ######    ##  ########  ######   ########  #########  ######  ######
     ##        ##  ##    ##  ##       ##     ## ##     ##       ## ##
     ##       #### ##     ## ######## ########  ##     ##  ######  ########

You're about to initialize a Firebase project in this directory:

  C:\Users\Miami\OneDrive\Desktop\Most of my files\Project\repos\iChat\superchat

Before we get started, keep in mind:

  * You are initializing within an existing Firebase project directory

[debug] [2022-05-21T09:14:59.021Z] <<< [apiv2][status] GET https://firebase-public.firebaseio.com/cli.json 200
[debug] [2022-05-21T09:14:59.021Z] <<< [apiv2][body] GET https://firebase-public.firebaseio.com/cli.json {"cloudBuildErrorAfter":1594252800000,"cloudBuildWarnAfter":1590019200000,"defaultNode10After":1594252800000,"minVersion":"3.0.5","node8DeploysDisabledAfter":1613390400000,"node8RuntimeDisabledAfter":1615809600000,"node8WarnAfter":1600128000000}
